==77643== Memcheck, a memory error detector
==77643== Copyright (C) 2002-2017, and GNU GPL'd, by Julian Seward et al.
==77643== Using Valgrind-3.18.1 and LibVEX; rerun with -h for copyright info
==77643== Command: ./philo 4 410 200 200
==77643== Parent PID: 77642
==77643== 
==77643== 
==77643== Process terminating with default action of signal 15 (SIGTERM)
==77643==    at 0x4906117: __futex_abstimed_wait_common64 (futex-internal.c:57)
==77643==    by 0x4906117: __futex_abstimed_wait_common (futex-internal.c:87)
==77643==    by 0x4906117: __futex_abstimed_wait_cancelable64 (futex-internal.c:139)
==77643==    by 0x490B623: __pthread_clockjoin_ex (pthread_join_common.c:105)
==77643==    by 0x401D63: join_threads (cleaning.c:93)
==77643==    by 0x401C61: clean_and_exit (cleaning.c:32)
==77643==    by 0x401C34: init_threads (init.c:123)
==77643==    by 0x40131E: start_process (main.c:45)
==77643==    by 0x401298: main (main.c:33)
==77643== 
==77643== HEAP SUMMARY:
==77643==     in use at exit: 3,240 bytes in 9 blocks
==77643==   total heap usage: 10 allocs, 1 frees, 3,280 bytes allocated
==77643== 
==77643== 272 bytes in 1 blocks are possibly lost in loss record 3 of 6
==77643==    at 0x484DA83: calloc (in /usr/libexec/valgrind/vgpreload_memcheck-amd64-linux.so)
==77643==    by 0x40147D9: calloc (rtld-malloc.h:44)
==77643==    by 0x40147D9: allocate_dtv (dl-tls.c:375)
==77643==    by 0x40147D9: _dl_allocate_tls (dl-tls.c:634)
==77643==    by 0x490A7B4: allocate_stack (allocatestack.c:430)
==77643==    by 0x490A7B4: pthread_create@@GLIBC_2.34 (pthread_create.c:647)
==77643==    by 0x401B1E: init_threads (init.c:104)
==77643==    by 0x40131E: start_process (main.c:45)
==77643==    by 0x401298: main (main.c:33)
==77643== 
==77643== 1,088 bytes in 4 blocks are possibly lost in loss record 6 of 6
==77643==    at 0x484DA83: calloc (in /usr/libexec/valgrind/vgpreload_memcheck-amd64-linux.so)
==77643==    by 0x40147D9: calloc (rtld-malloc.h:44)
==77643==    by 0x40147D9: allocate_dtv (dl-tls.c:375)
==77643==    by 0x40147D9: _dl_allocate_tls (dl-tls.c:634)
==77643==    by 0x490A7B4: allocate_stack (allocatestack.c:430)
==77643==    by 0x490A7B4: pthread_create@@GLIBC_2.34 (pthread_create.c:647)
==77643==    by 0x401B95: init_threads (init.c:111)
==77643==    by 0x40131E: start_process (main.c:45)
==77643==    by 0x401298: main (main.c:33)
==77643== 
==77643== LEAK SUMMARY:
==77643==    definitely lost: 0 bytes in 0 blocks
==77643==    indirectly lost: 0 bytes in 0 blocks
==77643==      possibly lost: 1,360 bytes in 5 blocks
==77643==    still reachable: 1,880 bytes in 4 blocks
==77643==         suppressed: 0 bytes in 0 blocks
==77643== Reachable blocks (those to which a pointer was found) are not shown.
==77643== To see them, rerun with: --leak-check=full --show-leak-kinds=all
==77643== 
==77643== For lists of detected and suppressed errors, rerun with: -s
==77643== ERROR SUMMARY: 6 errors from 6 contexts (suppressed: 0 from 0)
