==77381== Memcheck, a memory error detector
==77381== Copyright (C) 2002-2017, and GNU GPL'd, by Julian Seward et al.
==77381== Using Valgrind-3.18.1 and LibVEX; rerun with -h for copyright info
==77381== Command: ./philo 5 800 200 200
==77381== Parent PID: 77380
==77381== 
==77381== 
==77381== Process terminating with default action of signal 15 (SIGTERM)
==77381==    at 0x495A7F6: clock_nanosleep@@GLIBC_2.17 (clock_nanosleep.c:78)
==77381==    by 0x495F676: nanosleep (nanosleep.c:25)
==77381==    by 0x4990F9E: usleep (usleep.c:31)
==77381==    by 0x402697: smart_sleep (time.c:40)
==77381==    by 0x40221D: p_rout (philo_routine.c:34)
==77381==    by 0x4909AC2: start_thread (pthread_create.c:442)
==77381==    by 0x499AA73: clone (clone.S:100)
==77381== 
==77381== HEAP SUMMARY:
==77381==     in use at exit: 3,680 bytes in 10 blocks
==77381==   total heap usage: 11 allocs, 1 frees, 3,720 bytes allocated
==77381== 
==77381== 272 bytes in 1 blocks are possibly lost in loss record 3 of 6
==77381==    at 0x484DA83: calloc (in /usr/libexec/valgrind/vgpreload_memcheck-amd64-linux.so)
==77381==    by 0x40147D9: calloc (rtld-malloc.h:44)
==77381==    by 0x40147D9: allocate_dtv (dl-tls.c:375)
==77381==    by 0x40147D9: _dl_allocate_tls (dl-tls.c:634)
==77381==    by 0x490A7B4: allocate_stack (allocatestack.c:430)
==77381==    by 0x490A7B4: pthread_create@@GLIBC_2.34 (pthread_create.c:647)
==77381==    by 0x401B1E: init_threads (init.c:104)
==77381==    by 0x40131E: start_process (main.c:45)
==77381==    by 0x401298: main (main.c:33)
==77381== 
==77381== 1,360 bytes in 5 blocks are possibly lost in loss record 6 of 6
==77381==    at 0x484DA83: calloc (in /usr/libexec/valgrind/vgpreload_memcheck-amd64-linux.so)
==77381==    by 0x40147D9: calloc (rtld-malloc.h:44)
==77381==    by 0x40147D9: allocate_dtv (dl-tls.c:375)
==77381==    by 0x40147D9: _dl_allocate_tls (dl-tls.c:634)
==77381==    by 0x490A7B4: allocate_stack (allocatestack.c:430)
==77381==    by 0x490A7B4: pthread_create@@GLIBC_2.34 (pthread_create.c:647)
==77381==    by 0x401B95: init_threads (init.c:111)
==77381==    by 0x40131E: start_process (main.c:45)
==77381==    by 0x401298: main (main.c:33)
==77381== 
==77381== LEAK SUMMARY:
==77381==    definitely lost: 0 bytes in 0 blocks
==77381==    indirectly lost: 0 bytes in 0 blocks
==77381==      possibly lost: 1,632 bytes in 6 blocks
==77381==    still reachable: 2,048 bytes in 4 blocks
==77381==         suppressed: 0 bytes in 0 blocks
==77381== Reachable blocks (those to which a pointer was found) are not shown.
==77381== To see them, rerun with: --leak-check=full --show-leak-kinds=all
==77381== 
==77381== For lists of detected and suppressed errors, rerun with: -s
==77381== ERROR SUMMARY: 6 errors from 6 contexts (suppressed: 0 from 0)
